[2022-05-27T04:48:31.413Z] Validating found git in: git
[2022-05-27T04:48:31.451Z] Using git 2.17.1 from git
[2022-05-27T04:48:31.506Z] > git rev-parse --git-dir [1ms]
[2022-05-27T04:48:31.513Z] Open repository: /home/108000208
[2022-05-27T04:48:31.531Z] > git fetch [10ms]
[2022-05-27T04:48:31.598Z] > git symbolic-ref --short HEAD [12ms]
[2022-05-27T04:48:31.628Z] > git for-each-ref --format=%(refname)%00%(upstream:short)%00%(objectname)%00%(upstream:track) refs/heads/master refs/remotes/master [26ms]
[2022-05-27T04:48:31.642Z] > git remote --verbose [5ms]
[2022-05-27T04:48:31.642Z] > git for-each-ref --sort -committerdate --format %(refname) %(objectname) %(*objectname) [9ms]
[2022-05-27T04:48:33.793Z] > git config --get commit.template [35ms]
[2022-05-27T04:48:33.873Z] > git symbolic-ref --short HEAD [4ms]
[2022-05-27T04:48:33.884Z] > git for-each-ref --format=%(refname)%00%(upstream:short)%00%(objectname)%00%(upstream:track) refs/heads/master refs/remotes/master [4ms]
[2022-05-27T04:48:33.905Z] > git remote --verbose [6ms]
[2022-05-27T04:48:33.905Z] > git for-each-ref --sort -committerdate --format %(refname) %(objectname) %(*objectname) [15ms]
[2022-05-27T04:48:34.010Z] > git config --get commit.template [4ms]
[2022-05-27T04:48:38.141Z] > git ls-files --stage -- /home/108000208/hw2/parser.y [10ms]
[2022-05-27T04:48:38.219Z] > git symbolic-ref --short HEAD [2ms]
[2022-05-27T04:48:38.230Z] > git for-each-ref --format=%(refname)%00%(upstream:short)%00%(objectname)%00%(upstream:track) refs/heads/master refs/remotes/master [4ms]
[2022-05-27T04:48:38.251Z] > git remote --verbose [3ms]
[2022-05-27T04:48:38.251Z] > git for-each-ref --sort -committerdate --format %(refname) %(objectname) %(*objectname) [14ms]
[2022-05-27T04:48:42.078Z] > git config --get commit.template [3710ms]
[2022-05-27T04:48:43.397Z] > git ls-files --stage -- /home/108000208/hw2/parser.y [4ms]
[2022-05-27T04:48:43.410Z] > git cat-file -s 3420ae4de0e7551a55cbc36054de3c14f5df09d8 [2ms]
[2022-05-27T04:48:55.247Z] > git symbolic-ref --short HEAD [0ms]
[2022-05-27T04:48:55.254Z] > git for-each-ref --format=%(refname)%00%(upstream:short)%00%(objectname)%00%(upstream:track) refs/heads/master refs/remotes/master [1ms]
[2022-05-27T04:48:55.268Z] > git remote --verbose [1ms]
[2022-05-27T04:48:55.268Z] > git for-each-ref --sort -committerdate --format %(refname) %(objectname) %(*objectname) [9ms]
[2022-05-27T04:48:55.373Z] > git config --get commit.template [3ms]
