[2022-05-27T04:53:55.706Z] Validating found git in: git
[2022-05-27T04:53:55.740Z] Using git 2.17.1 from git
[2022-05-27T04:53:55.801Z] > git rev-parse --git-dir [19ms]
[2022-05-27T04:53:55.807Z] Open repository: /home/108000208
[2022-05-27T04:53:55.865Z] > git symbolic-ref --short HEAD [1ms]
[2022-05-27T04:53:55.872Z] > git for-each-ref --format=%(refname)%00%(upstream:short)%00%(objectname)%00%(upstream:track) refs/heads/main refs/remotes/main [1ms]
[2022-05-27T04:53:55.882Z] > git remote --verbose [2ms]
[2022-05-27T04:53:55.882Z] > git for-each-ref --sort -committerdate --format %(refname) %(objectname) %(*objectname) [6ms]
[2022-05-27T04:53:55.901Z] > git config --get commit.template [1ms]
[2022-05-27T04:53:56.213Z] > git fetch [400ms]
[2022-05-27T04:53:56.260Z] > git ls-files --stage -- /home/108000208/hw2/parser.y [5ms]
[2022-05-27T04:53:56.273Z] > git cat-file -s 3420ae4de0e7551a55cbc36054de3c14f5df09d8 [5ms]
[2022-05-27T04:53:56.274Z] > git ls-files --stage -- /home/108000208/hw2/ans.txt [15ms]
[2022-05-27T04:53:56.281Z] > git symbolic-ref --short HEAD [8ms]
[2022-05-27T04:53:56.286Z] > git cat-file -s 7247a2040c44cf7c5e7dc6f10592d2a81c96fa6f [8ms]
[2022-05-27T04:53:56.287Z] > git for-each-ref --format=%(refname)%00%(upstream:short)%00%(objectname)%00%(upstream:track) refs/heads/main refs/remotes/main [2ms]
[2022-05-27T04:53:56.299Z] > git for-each-ref --sort -committerdate --format %(refname) %(objectname) %(*objectname) [8ms]
[2022-05-27T04:53:56.300Z] > git remote --verbose [2ms]
[2022-05-27T04:53:56.313Z] > git config --get commit.template [1ms]
[2022-05-27T04:54:09.030Z] > git symbolic-ref --short HEAD [1ms]
[2022-05-27T04:54:09.037Z] > git for-each-ref --format=%(refname)%00%(upstream:short)%00%(objectname)%00%(upstream:track) refs/heads/main refs/remotes/main [1ms]
[2022-05-27T04:54:09.051Z] > git for-each-ref --sort -committerdate --format %(refname) %(objectname) %(*objectname) [8ms]
[2022-05-27T04:54:09.052Z] > git remote --verbose [2ms]
[2022-05-27T04:54:09.064Z] > git config --get commit.template [1ms]
[2022-05-27T04:54:09.242Z] > git ls-files --stage -- /home/108000208/hw2/ans.txt [71ms]
[2022-05-27T04:54:09.249Z] > git ls-files --stage -- /home/108000208/hw2/parser.y [85ms]
[2022-05-27T04:54:09.256Z] > git cat-file -s 7247a2040c44cf7c5e7dc6f10592d2a81c96fa6f [8ms]
[2022-05-27T04:54:09.256Z] > git cat-file -s 3420ae4de0e7551a55cbc36054de3c14f5df09d8 [1ms]
[2022-05-27T04:54:19.465Z] > git symbolic-ref --short HEAD [0ms]
[2022-05-27T04:54:19.470Z] > git for-each-ref --format=%(refname)%00%(upstream:short)%00%(objectname)%00%(upstream:track) refs/heads/main refs/remotes/main [1ms]
[2022-05-27T04:54:19.481Z] > git for-each-ref --sort -committerdate --format %(refname) %(objectname) %(*objectname) [7ms]
[2022-05-27T04:54:19.481Z] > git remote --verbose [1ms]
[2022-05-27T04:54:19.490Z] > git config --get commit.template [1ms]
[2022-05-27T04:54:19.624Z] > git ls-files --stage -- /home/108000208/hw2/parser.y [5ms]
[2022-05-27T04:54:19.632Z] > git ls-files --stage -- /home/108000208/hw2/ans.txt [9ms]
[2022-05-27T04:54:19.637Z] > git cat-file -s 3420ae4de0e7551a55cbc36054de3c14f5df09d8 [5ms]
[2022-05-27T04:54:19.638Z] > git cat-file -s 7247a2040c44cf7c5e7dc6f10592d2a81c96fa6f [1ms]
[2022-05-27T04:55:39.524Z] > git symbolic-ref --short HEAD [1ms]
[2022-05-27T04:55:39.530Z] > git for-each-ref --format=%(refname)%00%(upstream:short)%00%(objectname)%00%(upstream:track) refs/heads/main refs/remotes/main [2ms]
[2022-05-27T04:55:39.542Z] > git remote --verbose [2ms]
[2022-05-27T04:55:39.542Z] > git for-each-ref --sort -committerdate --format %(refname) %(objectname) %(*objectname) [8ms]
[2022-05-27T04:55:39.550Z] > git config --get commit.template [1ms]
[2022-05-27T04:55:39.626Z] > git ls-files --stage -- /home/108000208/hw2/parser.y [5ms]
[2022-05-27T04:55:39.634Z] > git ls-files --stage -- /home/108000208/hw2/ans.txt [8ms]
[2022-05-27T04:55:39.638Z] > git cat-file -s 3420ae4de0e7551a55cbc36054de3c14f5df09d8 [5ms]
[2022-05-27T04:55:39.639Z] > git cat-file -s 7247a2040c44cf7c5e7dc6f10592d2a81c96fa6f [1ms]
[2022-05-27T04:57:05.481Z] > git ls-files --stage -- /home/108000208/hw2/parser.y [4ms]
[2022-05-27T04:57:05.487Z] > git ls-files --stage -- /home/108000208/hw2/ans.txt [6ms]
[2022-05-27T04:57:05.491Z] > git cat-file -s 3420ae4de0e7551a55cbc36054de3c14f5df09d8 [4ms]
[2022-05-27T04:57:05.491Z] > git cat-file -s 7247a2040c44cf7c5e7dc6f10592d2a81c96fa6f [1ms]
[2022-05-27T04:57:05.504Z] > git symbolic-ref --short HEAD [2ms]
[2022-05-27T04:57:05.509Z] > git for-each-ref --format=%(refname)%00%(upstream:short)%00%(objectname)%00%(upstream:track) refs/heads/main refs/remotes/main [1ms]
[2022-05-27T04:57:05.520Z] > git remote --verbose [1ms]
[2022-05-27T04:57:05.520Z] > git for-each-ref --sort -committerdate --format %(refname) %(objectname) %(*objectname) [7ms]
[2022-05-27T04:57:05.538Z] > git config --get commit.template [10ms]
[2022-05-27T04:57:05.979Z] > git fetch [527ms]
[2022-05-27T04:57:06.031Z] > git symbolic-ref --short HEAD [2ms]
[2022-05-27T04:57:06.037Z] > git for-each-ref --format=%(refname)%00%(upstream:short)%00%(objectname)%00%(upstream:track) refs/heads/main refs/remotes/main [1ms]
[2022-05-27T04:57:06.048Z] > git for-each-ref --sort -committerdate --format %(refname) %(objectname) %(*objectname) [7ms]
[2022-05-27T04:57:06.049Z] > git remote --verbose [2ms]
[2022-05-27T04:57:06.055Z] > git config --get commit.template [1ms]
[2022-05-27T04:57:07.261Z] > git ls-files --stage -- /home/108000208/hw2/parser.y [6ms]
[2022-05-27T04:57:07.267Z] > git ls-files --stage -- /home/108000208/hw2/ans.txt [7ms]
[2022-05-27T04:57:07.272Z] > git cat-file -s 3420ae4de0e7551a55cbc36054de3c14f5df09d8 [6ms]
[2022-05-27T04:57:07.273Z] > git cat-file -s 7247a2040c44cf7c5e7dc6f10592d2a81c96fa6f [2ms]
