*
* Visual Studio Code Server
*
* By using the software, you agree to
* the Visual Studio Code Server License Terms (https://aka.ms/vscode-server-license) and
* the Microsoft Privacy Statement (https://privacy.microsoft.com/en-US/privacystatement).
*
Server bound to 127.0.0.1:38705 (IPv4)
Extension host agent listening on 38705

[09:50:45] Extension host agent started.
[09:50:45] [127.0.0.1][2a994059][ExtensionHostConnection] New connection established.
[09:50:45] [127.0.0.1][a125dd15][ManagementConnection] New connection established.
[09:50:45] [127.0.0.1][2a994059][ExtensionHostConnection] <1463> Launched Extension Host Process.
Overwriting extension /home/108000208/.vscode-server/bin/e18005f0f1b33c29e81d732535d8c0e47cafb0b5/extensions/ms-vscode.js-debug-companion with /home/108000208/.vscode-server/extensions/ms-vscode.js-debug-companion-1.0.17.
Overwriting extension /home/108000208/.vscode-server/bin/e18005f0f1b33c29e81d732535d8c0e47cafb0b5/extensions/ms-vscode.references-view with /home/108000208/.vscode-server/extensions/ms-vscode.references-view-0.0.89.
[IPC Library: Pty Host]  WARN Shell integration cannot be enabled for executable "/bin/sh" and args [
  '-c',
  'wget --version > /dev/null\n' +
    'if [ $? -eq 0 ]\n' +
    'then\n' +
    "\twget --connect-timeout=7 --tries=1 --dns-timeout=7 -q --header='Metadata:true' -O - http://169.254.169.254/metadata/instance?api-version=2019-03-11\n" +
    'else\n' +
    '\tcurl --version > /dev/null\n' +
    '\tif [ $? -eq 0 ]\n' +
    '\tthen\n' +
    "\t\tcurl --connect-timeout 7 -s --header='Metadata:true' http://169.254.169.254/metadata/instance?api-version=2019-03-11\n" +
    '\tfi\n' +
    'fi\n' +
    'exit 0'
]
[IPC Library: Pty Host]  WARN Shell integration cannot be enabled for executable "/bin/sh" and args [
  '-c',
  'wget --version > /dev/null\n' +
    'if [ $? -eq 0 ]\n' +
    'then\n' +
    '\twget --connect-timeout=7 --tries=1 --dns-timeout=7 -q  -O - http://169.254.169.254/latest/meta-data/instance-id\n' +
    'else\n' +
    '\tcurl --version > /dev/null\n' +
    '\tif [ $? -eq 0 ]\n' +
    '\tthen\n' +
    '\t\tcurl --connect-timeout 7 -s  http://169.254.169.254/latest/meta-data/instance-id\n' +
    '\tfi\n' +
    'fi\n' +
    'exit 0'
]
[IPC Library: Pty Host]  WARN Shell integration cannot be enabled for executable "/bin/sh" and args [
  '-c',
  'wget --version > /dev/null\n' +
    'if [ $? -eq 0 ]\n' +
    'then\n' +
    '\twget --connect-timeout=7 --tries=1 --dns-timeout=7 -q  -O - http://169.254.169.254/metadata/v1/id\n' +
    'else\n' +
    '\tcurl --version > /dev/null\n' +
    '\tif [ $? -eq 0 ]\n' +
    '\tthen\n' +
    '\t\tcurl --connect-timeout 7 -s  http://169.254.169.254/metadata/v1/id\n' +
    '\tfi\n' +
    'fi\n' +
    'exit 0'
]
[IPC Library: Pty Host]  WARN Shell integration cannot be enabled for executable "/bin/sh" and args [
  '-c',
  'wget --version > /dev/null\n' +
    'if [ $? -eq 0 ]\n' +
    'then\n' +
    "\twget --connect-timeout=7 --tries=1 --dns-timeout=7 -q --header='Metadata-Flavor:Google' -O - http://metadata.google.internal/computeMetadata/v1/instance/id\n" +
    'else\n' +
    '\tcurl --version > /dev/null\n' +
    '\tif [ $? -eq 0 ]\n' +
    '\tthen\n' +
    "\t\tcurl --connect-timeout 7 -s --header='Metadata-Flavor:Google' http://metadata.google.internal/computeMetadata/v1/instance/id\n" +
    '\tfi\n' +
    'fi\n' +
    'exit 0'
]
[IPC Library: Pty Host]  WARN Shell integration cannot be enabled for executable "/bin/bash" and args []
[IPC Library: Pty Host]  WARN Shell integration cannot be enabled for executable "/bin/bash" and args []
[13:07:47] [127.0.0.1][2a994059][ExtensionHostConnection] The client has reconnected.
[13:07:56] [127.0.0.1][a125dd15][ManagementConnection] The client has disconnected, will wait for reconnection 3h before disposing...
Error: Unexpected SIGPIPE
    at process.<anonymous> (/home/108000208/.vscode-server/bin/e18005f0f1b33c29e81d732535d8c0e47cafb0b5/out/bootstrap.js:1:370)
    at process.emit (node:events:390:28)
[16:08:01] [127.0.0.1][2a994059][ExtensionHostConnection] <1463> Extension Host Process exited with code: 0, signal: null.
Last EH closed, waiting before shutting down
[16:08:01] Last EH closed, waiting before shutting down
[16:08:05] [127.0.0.1][a125dd15][ManagementConnection] The reconnection grace time of 3h has expired, so the connection will be disposed.
Last EH closed, shutting down
[16:13:01] Last EH closed, shutting down
